1741690996.100806 client started (25829): version 3.2a, socket /tmp/tmux-1000/default, protocol 8
1741690996.100857 on Linux 5.15.167.4-microsoft-standard-WSL2 #1 SMP Tue Nov 5 00:21:55 UTC 2024
1741690996.100889 using libevent 2.1.12-stable (poll); ncurses 6.3
1741690996.100916 flags are 0x18010000
1741690996.100923 socket is /tmp/tmux-1000/default
1741690996.100936 trying connect
1741690996.101103 add peer 0x55e9caef99e0: 6 ((nil))
1741690996.101607 sending message 100 to peer 0x55e9caef99e0 (4 bytes)
1741690996.101704 sending message 111 to peer 0x55e9caef99e0 (8 bytes)
1741690996.101779 sending message 101 to peer 0x55e9caef99e0 (15 bytes)
1741690996.101791 sending message 109 to peer 0x55e9caef99e0 (4 bytes)
1741690996.101800 sending message 102 to peer 0x55e9caef99e0 (12 bytes)
1741690996.101808 sending message 108 to peer 0x55e9caef99e0 (48 bytes)
1741690996.101813 sending message 112 to peer 0x55e9caef99e0 (58 bytes)
1741690996.101820 sending message 112 to peer 0x55e9caef99e0 (5 bytes)
1741690996.101825 sending message 112 to peer 0x55e9caef99e0 (5 bytes)
1741690996.101835 sending message 112 to peer 0x55e9caef99e0 (6 bytes)
1741690996.101842 sending message 112 to peer 0x55e9caef99e0 (6 bytes)
1741690996.101852 sending message 112 to peer 0x55e9caef99e0 (11 bytes)
1741690996.101861 sending message 112 to peer 0x55e9caef99e0 (10 bytes)
1741690996.101868 sending message 112 to peer 0x55e9caef99e0 (13 bytes)
1741690996.101873 sending message 112 to peer 0x55e9caef99e0 (14 bytes)
1741690996.101880 sending message 112 to peer 0x55e9caef99e0 (19 bytes)
1741690996.101911 sending message 112 to peer 0x55e9caef99e0 (11 bytes)
1741690996.101983 sending message 112 to peer 0x55e9caef99e0 (10 bytes)
1741690996.101998 sending message 112 to peer 0x55e9caef99e0 (15 bytes)
1741690996.102005 sending message 112 to peer 0x55e9caef99e0 (21 bytes)
1741690996.102011 sending message 112 to peer 0x55e9caef99e0 (13 bytes)
1741690996.102016 sending message 112 to peer 0x55e9caef99e0 (7 bytes)
1741690996.102022 sending message 112 to peer 0x55e9caef99e0 (13 bytes)
1741690996.102034 sending message 112 to peer 0x55e9caef99e0 (7 bytes)
1741690996.102044 sending message 112 to peer 0x55e9caef99e0 (13 bytes)
1741690996.102051 sending message 112 to peer 0x55e9caef99e0 (9 bytes)
1741690996.102057 sending message 112 to peer 0x55e9caef99e0 (21 bytes)
1741690996.102088 sending message 112 to peer 0x55e9caef99e0 (13 bytes)
1741690996.102169 sending message 112 to peer 0x55e9caef99e0 (9 bytes)
1741690996.102244 sending message 112 to peer 0x55e9caef99e0 (16 bytes)
1741690996.102284 sending message 112 to peer 0x55e9caef99e0 (13 bytes)
1741690996.102297 sending message 112 to peer 0x55e9caef99e0 (9 bytes)
1741690996.102304 sending message 112 to peer 0x55e9caef99e0 (9 bytes)
1741690996.102335 sending message 112 to peer 0x55e9caef99e0 (12 bytes)
1741690996.102406 sending message 112 to peer 0x55e9caef99e0 (8 bytes)
1741690996.102439 sending message 112 to peer 0x55e9caef99e0 (8 bytes)
1741690996.102471 sending message 112 to peer 0x55e9caef99e0 (13 bytes)
1741690996.102482 sending message 112 to peer 0x55e9caef99e0 (7 bytes)
1741690996.102492 sending message 112 to peer 0x55e9caef99e0 (7 bytes)
1741690996.102501 sending message 112 to peer 0x55e9caef99e0 (9 bytes)
1741690996.102506 sending message 112 to peer 0x55e9caef99e0 (9 bytes)
1741690996.102515 sending message 112 to peer 0x55e9caef99e0 (15 bytes)
1741690996.102523 sending message 112 to peer 0x55e9caef99e0 (13 bytes)
1741690996.102528 sending message 112 to peer 0x55e9caef99e0 (12 bytes)
1741690996.102534 sending message 112 to peer 0x55e9caef99e0 (8 bytes)
1741690996.102540 sending message 112 to peer 0x55e9caef99e0 (14 bytes)
1741690996.102546 sending message 112 to peer 0x55e9caef99e0 (11 bytes)
1741690996.102553 sending message 112 to peer 0x55e9caef99e0 (9 bytes)
1741690996.102559 sending message 112 to peer 0x55e9caef99e0 (10 bytes)
1741690996.102569 sending message 112 to peer 0x55e9caef99e0 (10 bytes)
1741690996.102578 sending message 112 to peer 0x55e9caef99e0 (10 bytes)
1741690996.102584 sending message 112 to peer 0x55e9caef99e0 (10 bytes)
1741690996.102648 sending message 112 to peer 0x55e9caef99e0 (11 bytes)
1741690996.102661 sending message 112 to peer 0x55e9caef99e0 (12 bytes)
1741690996.102668 sending message 112 to peer 0x55e9caef99e0 (12 bytes)
1741690996.102674 sending message 112 to peer 0x55e9caef99e0 (12 bytes)
1741690996.102680 sending message 112 to peer 0x55e9caef99e0 (12 bytes)
1741690996.102686 sending message 112 to peer 0x55e9caef99e0 (12 bytes)
1741690996.102691 sending message 112 to peer 0x55e9caef99e0 (11 bytes)
1741690996.102697 sending message 112 to peer 0x55e9caef99e0 (11 bytes)
1741690996.102703 sending message 112 to peer 0x55e9caef99e0 (12 bytes)
1741690996.102709 sending message 112 to peer 0x55e9caef99e0 (12 bytes)
1741690996.102718 sending message 112 to peer 0x55e9caef99e0 (12 bytes)
1741690996.102728 sending message 112 to peer 0x55e9caef99e0 (12 bytes)
1741690996.102734 sending message 112 to peer 0x55e9caef99e0 (12 bytes)
1741690996.102741 sending message 112 to peer 0x55e9caef99e0 (9 bytes)
1741690996.102746 sending message 112 to peer 0x55e9caef99e0 (12 bytes)
1741690996.102752 sending message 112 to peer 0x55e9caef99e0 (13 bytes)
1741690996.102758 sending message 112 to peer 0x55e9caef99e0 (13 bytes)
1741690996.102764 sending message 112 to peer 0x55e9caef99e0 (13 bytes)
1741690996.102773 sending message 112 to peer 0x55e9caef99e0 (13 bytes)
1741690996.102779 sending message 112 to peer 0x55e9caef99e0 (13 bytes)
1741690996.102786 sending message 112 to peer 0x55e9caef99e0 (8 bytes)
1741690996.102792 sending message 112 to peer 0x55e9caef99e0 (11 bytes)
1741690996.102798 sending message 112 to peer 0x55e9caef99e0 (11 bytes)
1741690996.102805 sending message 112 to peer 0x55e9caef99e0 (11 bytes)
1741690996.102815 sending message 112 to peer 0x55e9caef99e0 (12 bytes)
1741690996.102821 sending message 112 to peer 0x55e9caef99e0 (12 bytes)
1741690996.102827 sending message 112 to peer 0x55e9caef99e0 (12 bytes)
1741690996.102834 sending message 112 to peer 0x55e9caef99e0 (12 bytes)
1741690996.102844 sending message 112 to peer 0x55e9caef99e0 (13 bytes)
1741690996.102854 sending message 112 to peer 0x55e9caef99e0 (13 bytes)
1741690996.102866 sending message 112 to peer 0x55e9caef99e0 (13 bytes)
1741690996.102873 sending message 112 to peer 0x55e9caef99e0 (8 bytes)
1741690996.102879 sending message 112 to peer 0x55e9caef99e0 (13 bytes)
1741690996.102885 sending message 112 to peer 0x55e9caef99e0 (13 bytes)
1741690996.102895 sending message 112 to peer 0x55e9caef99e0 (13 bytes)
1741690996.102900 sending message 112 to peer 0x55e9caef99e0 (13 bytes)
1741690996.102907 sending message 112 to peer 0x55e9caef99e0 (13 bytes)
1741690996.102915 sending message 112 to peer 0x55e9caef99e0 (12 bytes)
1741690996.102921 sending message 112 to peer 0x55e9caef99e0 (12 bytes)
1741690996.102931 sending message 112 to peer 0x55e9caef99e0 (12 bytes)
1741690996.102938 sending message 112 to peer 0x55e9caef99e0 (12 bytes)
1741690996.102944 sending message 112 to peer 0x55e9caef99e0 (13 bytes)
1741690996.102950 sending message 112 to peer 0x55e9caef99e0 (8 bytes)
1741690996.102959 sending message 112 to peer 0x55e9caef99e0 (13 bytes)
1741690996.102991 sending message 112 to peer 0x55e9caef99e0 (13 bytes)
1741690996.103064 sending message 112 to peer 0x55e9caef99e0 (13 bytes)
1741690996.103161 sending message 112 to peer 0x55e9caef99e0 (13 bytes)
1741690996.103171 sending message 112 to peer 0x55e9caef99e0 (13 bytes)
1741690996.103178 sending message 112 to peer 0x55e9caef99e0 (13 bytes)
1741690996.103184 sending message 112 to peer 0x55e9caef99e0 (13 bytes)
1741690996.103194 sending message 112 to peer 0x55e9caef99e0 (12 bytes)
1741690996.103199 sending message 112 to peer 0x55e9caef99e0 (12 bytes)
1741690996.103205 sending message 112 to peer 0x55e9caef99e0 (12 bytes)
1741690996.103210 sending message 112 to peer 0x55e9caef99e0 (8 bytes)
1741690996.103215 sending message 112 to peer 0x55e9caef99e0 (12 bytes)
1741690996.103223 sending message 112 to peer 0x55e9caef99e0 (13 bytes)
1741690996.103229 sending message 112 to peer 0x55e9caef99e0 (13 bytes)
1741690996.103267 sending message 112 to peer 0x55e9caef99e0 (13 bytes)
1741690996.103339 sending message 112 to peer 0x55e9caef99e0 (13 bytes)
1741690996.103411 sending message 112 to peer 0x55e9caef99e0 (13 bytes)
1741690996.103484 sending message 112 to peer 0x55e9caef99e0 (13 bytes)
1741690996.103518 sending message 112 to peer 0x55e9caef99e0 (13 bytes)
1741690996.103528 sending message 112 to peer 0x55e9caef99e0 (13 bytes)
1741690996.103572 sending message 112 to peer 0x55e9caef99e0 (12 bytes)
1741690996.103641 sending message 112 to peer 0x55e9caef99e0 (10 bytes)
1741690996.103678 sending message 112 to peer 0x55e9caef99e0 (12 bytes)
1741690996.103689 sending message 112 to peer 0x55e9caef99e0 (12 bytes)
1741690996.103699 sending message 112 to peer 0x55e9caef99e0 (12 bytes)
1741690996.103707 sending message 112 to peer 0x55e9caef99e0 (13 bytes)
1741690996.103713 sending message 112 to peer 0x55e9caef99e0 (13 bytes)
1741690996.103719 sending message 112 to peer 0x55e9caef99e0 (13 bytes)
1741690996.103724 sending message 112 to peer 0x55e9caef99e0 (13 bytes)
1741690996.103730 sending message 112 to peer 0x55e9caef99e0 (13 bytes)
1741690996.103736 sending message 112 to peer 0x55e9caef99e0 (13 bytes)
1741690996.103748 sending message 112 to peer 0x55e9caef99e0 (13 bytes)
1741690996.103755 sending message 112 to peer 0x55e9caef99e0 (10 bytes)
1741690996.103785 sending message 112 to peer 0x55e9caef99e0 (13 bytes)
1741690996.103819 sending message 112 to peer 0x55e9caef99e0 (12 bytes)
1741690996.103857 sending message 112 to peer 0x55e9caef99e0 (12 bytes)
1741690996.103932 sending message 112 to peer 0x55e9caef99e0 (12 bytes)
1741690996.104007 sending message 112 to peer 0x55e9caef99e0 (10 bytes)
1741690996.104041 sending message 112 to peer 0x55e9caef99e0 (10 bytes)
1741690996.104051 sending message 112 to peer 0x55e9caef99e0 (10 bytes)
1741690996.104060 sending message 112 to peer 0x55e9caef99e0 (12 bytes)
1741690996.104069 sending message 112 to peer 0x55e9caef99e0 (13 bytes)
1741690996.104100 sending message 112 to peer 0x55e9caef99e0 (13 bytes)
1741690996.104133 sending message 112 to peer 0x55e9caef99e0 (13 bytes)
1741690996.104143 sending message 112 to peer 0x55e9caef99e0 (13 bytes)
1741690996.104151 sending message 112 to peer 0x55e9caef99e0 (13 bytes)
1741690996.104157 sending message 112 to peer 0x55e9caef99e0 (10 bytes)
1741690996.104164 sending message 112 to peer 0x55e9caef99e0 (11 bytes)
1741690996.104171 sending message 112 to peer 0x55e9caef99e0 (12 bytes)
1741690996.104204 sending message 112 to peer 0x55e9caef99e0 (12 bytes)
1741690996.104277 sending message 112 to peer 0x55e9caef99e0 (12 bytes)
1741690996.104294 sending message 112 to peer 0x55e9caef99e0 (12 bytes)
1741690996.104304 sending message 112 to peer 0x55e9caef99e0 (12 bytes)
1741690996.104314 sending message 112 to peer 0x55e9caef99e0 (11 bytes)
1741690996.104321 sending message 112 to peer 0x55e9caef99e0 (12 bytes)
1741690996.104329 sending message 112 to peer 0x55e9caef99e0 (12 bytes)
1741690996.104336 sending message 112 to peer 0x55e9caef99e0 (13 bytes)
1741690996.104342 sending message 112 to peer 0x55e9caef99e0 (13 bytes)
1741690996.104350 sending message 112 to peer 0x55e9caef99e0 (13 bytes)
1741690996.104357 sending message 112 to peer 0x55e9caef99e0 (13 bytes)
1741690996.104388 sending message 112 to peer 0x55e9caef99e0 (13 bytes)
1741690996.104476 sending message 112 to peer 0x55e9caef99e0 (10 bytes)
1741690996.104556 sending message 112 to peer 0x55e9caef99e0 (9 bytes)
1741690996.104605 sending message 112 to peer 0x55e9caef99e0 (12 bytes)
1741690996.104641 sending message 112 to peer 0x55e9caef99e0 (13 bytes)
1741690996.104714 sending message 112 to peer 0x55e9caef99e0 (13 bytes)
1741690996.104748 sending message 112 to peer 0x55e9caef99e0 (13 bytes)
1741690996.104781 sending message 112 to peer 0x55e9caef99e0 (13 bytes)
1741690996.104793 sending message 112 to peer 0x55e9caef99e0 (13 bytes)
1741690996.104801 sending message 112 to peer 0x55e9caef99e0 (9 bytes)
1741690996.104859 sending message 112 to peer 0x55e9caef99e0 (12 bytes)
1741690996.104873 sending message 112 to peer 0x55e9caef99e0 (13 bytes)
1741690996.104880 sending message 112 to peer 0x55e9caef99e0 (13 bytes)
1741690996.104885 sending message 112 to peer 0x55e9caef99e0 (13 bytes)
1741690996.104896 sending message 112 to peer 0x55e9caef99e0 (13 bytes)
1741690996.104901 sending message 112 to peer 0x55e9caef99e0 (13 bytes)
1741690996.104933 sending message 112 to peer 0x55e9caef99e0 (11 bytes)
1741690996.105006 sending message 112 to peer 0x55e9caef99e0 (12 bytes)
1741690996.105039 sending message 112 to peer 0x55e9caef99e0 (13 bytes)
1741690996.105048 sending message 112 to peer 0x55e9caef99e0 (13 bytes)
1741690996.105054 sending message 112 to peer 0x55e9caef99e0 (13 bytes)
1741690996.105083 sending message 112 to peer 0x55e9caef99e0 (13 bytes)
1741690996.105093 sending message 112 to peer 0x55e9caef99e0 (13 bytes)
1741690996.105099 sending message 112 to peer 0x55e9caef99e0 (11 bytes)
1741690996.105103 sending message 112 to peer 0x55e9caef99e0 (12 bytes)
1741690996.105108 sending message 112 to peer 0x55e9caef99e0 (12 bytes)
1741690996.105113 sending message 112 to peer 0x55e9caef99e0 (12 bytes)
1741690996.105118 sending message 112 to peer 0x55e9caef99e0 (12 bytes)
1741690996.105123 sending message 112 to peer 0x55e9caef99e0 (12 bytes)
1741690996.105131 sending message 112 to peer 0x55e9caef99e0 (21 bytes)
1741690996.105165 sending message 112 to peer 0x55e9caef99e0 (12 bytes)
1741690996.105240 sending message 112 to peer 0x55e9caef99e0 (9 bytes)
1741690996.105273 sending message 112 to peer 0x55e9caef99e0 (6 bytes)
1741690996.105305 sending message 112 to peer 0x55e9caef99e0 (13 bytes)
1741690996.105336 sending message 112 to peer 0x55e9caef99e0 (10 bytes)
1741690996.105367 sending message 112 to peer 0x55e9caef99e0 (24 bytes)
1741690996.105378 sending message 112 to peer 0x55e9caef99e0 (13 bytes)
1741690996.105448 sending message 112 to peer 0x55e9caef99e0 (9 bytes)
1741690996.105459 sending message 112 to peer 0x55e9caef99e0 (70 bytes)
1741690996.105464 sending message 112 to peer 0x55e9caef99e0 (69 bytes)
1741690996.105468 sending message 112 to peer 0x55e9caef99e0 (12 bytes)
1741690996.105473 sending message 112 to peer 0x55e9caef99e0 (10 bytes)
1741690996.105479 sending message 112 to peer 0x55e9caef99e0 (10 bytes)
1741690996.105484 sending message 112 to peer 0x55e9caef99e0 (24 bytes)
1741690996.105489 sending message 112 to peer 0x55e9caef99e0 (13 bytes)
1741690996.105494 sending message 112 to peer 0x55e9caef99e0 (10 bytes)
1741690996.105503 sending message 112 to peer 0x55e9caef99e0 (10 bytes)
1741690996.105512 sending message 112 to peer 0x55e9caef99e0 (10 bytes)
1741690996.105518 sending message 112 to peer 0x55e9caef99e0 (13 bytes)
1741690996.105526 sending message 112 to peer 0x55e9caef99e0 (15 bytes)
1741690996.105531 sending message 112 to peer 0x55e9caef99e0 (5 bytes)
1741690996.105537 sending message 104 to peer 0x55e9caef99e0 (0 bytes)
1741690996.105567 sending message 110 to peer 0x55e9caef99e0 (0 bytes)
1741690996.105601 sending message 107 to peer 0x55e9caef99e0 (4 bytes)
1741690996.105614 sending message 105 to peer 0x55e9caef99e0 (16 bytes)
1741690996.105645 sending message 105 to peer 0x55e9caef99e0 (8 bytes)
1741690996.105658 sending message 105 to peer 0x55e9caef99e0 (22 bytes)
1741690996.105665 sending message 105 to peer 0x55e9caef99e0 (55 bytes)
1741690996.105670 sending message 105 to peer 0x55e9caef99e0 (54 bytes)
1741690996.105678 sending message 105 to peer 0x55e9caef99e0 (23 bytes)
1741690996.105686 sending message 105 to peer 0x55e9caef99e0 (26 bytes)
1741690996.105691 sending message 105 to peer 0x55e9caef99e0 (19 bytes)
1741690996.105696 sending message 105 to peer 0x55e9caef99e0 (40 bytes)
1741690996.105703 sending message 105 to peer 0x55e9caef99e0 (34 bytes)
1741690996.105734 sending message 105 to peer 0x55e9caef99e0 (21 bytes)
1741690996.105768 sending message 105 to peer 0x55e9caef99e0 (16 bytes)
1741690996.105776 sending message 105 to peer 0x55e9caef99e0 (20 bytes)
1741690996.105814 sending message 105 to peer 0x55e9caef99e0 (2705 bytes)
1741690996.105868 sending message 105 to peer 0x55e9caef99e0 (32 bytes)
1741690996.105901 sending message 105 to peer 0x55e9caef99e0 (11 bytes)
1741690996.105911 sending message 105 to peer 0x55e9caef99e0 (13 bytes)
1741690996.105916 sending message 105 to peer 0x55e9caef99e0 (19 bytes)
1741690996.105921 sending message 105 to peer 0x55e9caef99e0 (52 bytes)
1741690996.105927 sending message 105 to peer 0x55e9caef99e0 (16 bytes)
1741690996.105931 sending message 105 to peer 0x55e9caef99e0 (24 bytes)
1741690996.105936 sending message 105 to peer 0x55e9caef99e0 (34 bytes)
1741690996.105941 sending message 105 to peer 0x55e9caef99e0 (32 bytes)
1741690996.105946 sending message 105 to peer 0x55e9caef99e0 (11 bytes)
1741690996.105951 sending message 105 to peer 0x55e9caef99e0 (8 bytes)
1741690996.105960 sending message 105 to peer 0x55e9caef99e0 (32 bytes)
1741690996.105970 sending message 105 to peer 0x55e9caef99e0 (1519 bytes)
1741690996.105998 sending message 105 to peer 0x55e9caef99e0 (43 bytes)
1741690996.106030 sending message 105 to peer 0x55e9caef99e0 (50 bytes)
1741690996.106042 sending message 105 to peer 0x55e9caef99e0 (56 bytes)
1741690996.106074 sending message 105 to peer 0x55e9caef99e0 (86 bytes)
1741690996.106085 sending message 105 to peer 0x55e9caef99e0 (27 bytes)
1741690996.106094 sending message 105 to peer 0x55e9caef99e0 (21 bytes)
1741690996.106105 sending message 105 to peer 0x55e9caef99e0 (30 bytes)
1741690996.106115 sending message 105 to peer 0x55e9caef99e0 (66 bytes)
1741690996.106127 sending message 105 to peer 0x55e9caef99e0 (20 bytes)
1741690996.106177 sending message 105 to peer 0x55e9caef99e0 (28 bytes)
1741690996.106187 sending message 105 to peer 0x55e9caef99e0 (20 bytes)
1741690996.106193 sending message 105 to peer 0x55e9caef99e0 (33 bytes)
1741690996.106203 sending message 105 to peer 0x55e9caef99e0 (167 bytes)
1741690996.106209 sending message 105 to peer 0x55e9caef99e0 (122 bytes)
1741690996.106215 sending message 105 to peer 0x55e9caef99e0 (174 bytes)
1741690996.106224 sending message 105 to peer 0x55e9caef99e0 (120 bytes)
1741690996.106234 sending message 105 to peer 0x55e9caef99e0 (106 bytes)
1741690996.106238 sending message 105 to peer 0x55e9caef99e0 (31 bytes)
1741690996.106260 sending message 105 to peer 0x55e9caef99e0 (137 bytes)
1741690996.106288 sending message 105 to peer 0x55e9caef99e0 (64 bytes)
1741690996.106295 sending message 105 to peer 0x55e9caef99e0 (88 bytes)
1741690996.106318 sending message 105 to peer 0x55e9caef99e0 (19 bytes)
1741690996.106352 sending message 105 to peer 0x55e9caef99e0 (25 bytes)
1741690996.106380 sending message 105 to peer 0x55e9caef99e0 (30 bytes)
1741690996.106388 sending message 106 to peer 0x55e9caef99e0 (0 bytes)
1741690996.106397 sending message 200 to peer 0x55e9caef99e0 (4 bytes)
1741690996.106404 client loop enter
1741690996.110635 peer 0x55e9caef99e0 message 207
1741690996.110769 sending message 208 to peer 0x55e9caef99e0 (0 bytes)
1741691033.870915 client_signal: Hangup
1741691033.871030 sending message 205 to peer 0x55e9caef99e0 (0 bytes)
1741691033.871453 peer 0x55e9caef99e0 message 204
1741691033.871522 client loop exit
